GROUP,PACKAGE,CLASS,INSTRUCTION_MISSED,INSTRUCTION_COVERED,BRANCH_MISSED,BRANCH_COVERED,LINE_MISSED,LINE_COVERED,COMPLEXITY_MISSED,COMPLEXITY_COVERED,METHOD_MISSED,METHOD_COVERED
Assignment for class CS5010,edu.neu.ccs.cs5010,FollowerGraph,121,181,11,17,23,36,13,14,7,6
Assignment for class CS5010,edu.neu.ccs.cs5010,GenerateFile,8,110,3,7,3,25,3,4,0,2
Assignment for class CS5010,edu.neu.ccs.cs5010,Edges,0,17,0,0,0,7,0,5,0,5
Assignment for class CS5010,edu.neu.ccs.cs5010,GetUserInfo,23,162,6,12,6,36,6,6,0,3
Assignment for class CS5010,edu.neu.ccs.cs5010,RecommendationSystem,150,301,14,16,38,56,9,13,1,6
Assignment for class CS5010,edu.neu.ccs.cs5010,Recommend,14,109,1,9,2,23,2,8,1,4
Assignment for class CS5010,edu.neu.ccs.cs5010,UserVertex,20,13,0,0,9,5,4,2,4,2
Assignment for class CS5010,edu.neu.ccs.cs5010,FollowedGraph,232,41,18,6,42,11,19,5,10,2
Assignment for class CS5010,edu.neu.ccs.cs5010,Users,5,33,0,0,2,12,2,6,2,6
