GROUP,PACKAGE,CLASS,INSTRUCTION_MISSED,INSTRUCTION_COVERED,BRANCH_MISSED,BRANCH_COVERED,LINE_MISSED,LINE_COVERED,COMPLEXITY_MISSED,COMPLEXITY_COVERED,METHOD_MISSED,METHOD_COVERED
Assignment for class CS5010,edu.neu.ccs.cs5010,Patient,20,56,5,7,4,16,5,6,0,5
Assignment for class CS5010,edu.neu.ccs.cs5010,Generator,0,39,0,0,0,9,0,2,0,2
Assignment for class CS5010,edu.neu.ccs.cs5010,MyPriorityQueue,19,84,5,7,5,23,5,8,0,7
Assignment for class CS5010,edu.neu.ccs.cs5010,MyStack,11,0,0,0,5,0,5,0,5,0
Assignment for class CS5010,edu.neu.ccs.cs5010,MyQueue,11,0,0,0,5,0,5,0,5,0
Assignment for class CS5010,edu.neu.ccs.cs5010,Room,5,21,1,1,1,7,1,3,0,3
Assignment for class CS5010,edu.neu.ccs.cs5010,ERSimulator,282,0,26,0,65,0,21,0,8,0
Assignment for class CS5010,edu.neu.ccs.cs5010,MyPriorityQueue.new Comparator() {...},0,10,0,0,0,2,0,2,0,2
Assignment for class CS5010,edu.neu.ccs.cs5010,PatientInRoom,15,27,4,4,3,9,4,2,0,2
