GROUP,PACKAGE,CLASS,INSTRUCTION_MISSED,INSTRUCTION_COVERED,BRANCH_MISSED,BRANCH_COVERED,LINE_MISSED,LINE_COVERED,COMPLEXITY_MISSED,COMPLEXITY_COVERED,METHOD_MISSED,METHOD_COVERED
Assignment for class CS5010,edu.neu.ccs.cs5010,ClientGenerator,70,6,4,0,15,3,3,1,1,1
Assignment for class CS5010,edu.neu.ccs.cs5010,RSASignature,38,0,0,0,8,0,3,0,3,0
Assignment for class CS5010,edu.neu.ccs.cs5010,PairGenerator,55,0,2,0,12,0,3,0,2,0
Assignment for class CS5010,edu.neu.ccs.cs5010,RandomNumber,11,15,0,0,3,4,1,2,1,2
Assignment for class CS5010,edu.neu.ccs.cs5010,RSAKeyGenerator,0,118,2,4,0,17,2,3,0,2
Assignment for class CS5010,edu.neu.ccs.cs5010,SecureBankVerificationSimulator,110,0,4,0,25,0,7,0,5,0
Assignment for class CS5010,edu.neu.ccs.cs5010,TestOnly,127,0,10,0,25,0,7,0,2,0
Assignment for class CS5010,edu.neu.ccs.cs5010,Client,7,104,0,0,3,17,2,6,2,6
